<?xml version="1.0" encoding="UTF-8"?>
<testsuite name="| 5starred |" time="0.959" tests="18" errors="0" skipped="0" failures="0">
  <properties>
[...]
</properties>
  <testcase name="Given I am on Hotels Home Page" classname="| 3starred |" time="0.281"/>
  <testcase name="Given Initialize the browser" classname="| 3starred |" time="0"/>
  <testcase name="Given I am on default locations search result screen" classname="| 3starred |" time="0.002"/>
  <testcase name="When I select property class 3starred hotels" classname="| 3starred |" time="0"/>
  <testcase name="Then I verify system displays only 3starred hotels on search result" classname="| 3starred |" time="0"/>
  <testcase name="| 3starred |" classname="| 3starred |" time="0.249"/>
  <testcase name="Given I am on Hotels Home Page" classname="| 4starred |" time="0.001"/>
  <testcase name="Given Initialize the browser" classname="| 4starred |" time="0"/>
  <testcase name="Given I am on default locations search result screen" classname="| 4starred |" time="0.002"/>
  <testcase name="When I select property class 4starred hotels" classname="| 4starred |" time="0"/>
  <testcase name="Then I verify system displays only 4starred hotels on search result" classname="| 4starred |" time="0"/>
  <testcase name="| 4starred |" classname="| 4starred |" time="0.169"/>
  <testcase name="Given I am on Hotels Home Page" classname="| 5starred |" time="0.001"/>
  <testcase name="Given Initialize the browser" classname="| 5starred |" time="0"/>
  <testcase name="Given I am on default locations search result screen" classname="| 5starred |" time="0.003"/>
  <testcase name="When I select property class 5starred hotels" classname="| 5starred |" time="0.002"/>
  <testcase name="Then I verify system displays only 5starred hotels on search result" classname="| 5starred |" time="0"/>
  <testcase name="| 5starred |" classname="| 5starred |" time="0.249"/>
</testsuite>